<?xml version="1.0" encoding="UTF-8"?>
<testsuite name="Usuario realiza un crédito" tests="1" skipped="1" failures="0" errors="0" timestamp="2021-01-27T18:03:21" hostname="CHMEPPF0GXDD2" time="104.428">
  <properties/>
  <testcase name="Usuario puede realizar credito" classname="Usuario realiza un crédito" time="104.428">
    <skipped/>
  </testcase>
  <system-out><![CDATA[]]></system-out>
  <system-err><![CDATA[ene 27, 2021 1:03:22 PM org.openqa.selenium.remote.DesiredCapabilities chrome
INFORMACIÓN: Using `new ChromeOptions()` is preferred to `DesiredCapabilities.chrome()`
Starting ChromeDriver 2.39.562718 (9a2698cba08cf5a471a29d30c8b3e12becabb0e9) on port 43976
Only local connections are allowed.
[1611770625.782][WARNING]: Timed out connecting to Chrome, retrying...
ene 27, 2021 1:03:48 PM org.openqa.selenium.remote.ProtocolHandshake createSession
INFORMACIÓN: Detected dialect: OSS
]]></system-err>
</testsuite>
